c:\users\dell\desktop\c+opencv+mfc\x64\release\all_mfc_ui.ipdb
c:\users\dell\desktop\c+opencv+mfc\x64\release\all_mfc_ui.iobj
c:\users\dell\desktop\c+opencv+mfc\all_mfc_ui\x64\release\all_mfc_ui.pch
c:\users\dell\desktop\c+opencv+mfc\all_mfc_ui\x64\release\vc141.pdb
c:\users\dell\desktop\c+opencv+mfc\all_mfc_ui\x64\release\stdafx.obj
c:\users\dell\desktop\c+opencv+mfc\all_mfc_ui\x64\release\user_msg.obj
c:\users\dell\desktop\c+opencv+mfc\all_mfc_ui\x64\release\transparent_for_light.obj
c:\users\dell\desktop\c+opencv+mfc\all_mfc_ui\x64\release\png_pic.obj
c:\users\dell\desktop\c+opencv+mfc\all_mfc_ui\x64\release\auto.obj
c:\users\dell\desktop\c+opencv+mfc\all_mfc_ui\x64\release\all_mfc_uidlg.obj
c:\users\dell\desktop\c+opencv+mfc\all_mfc_ui\x64\release\all_mfc_ui.obj
c:\users\dell\desktop\c+opencv+mfc\all_mfc_ui\x64\release\infofile.obj
c:\users\dell\desktop\c+opencv+mfc\all_mfc_ui\x64\release\cvvimage.obj
c:\users\dell\desktop\c+opencv+mfc\all_mfc_ui\x64\release\clogindlg.obj
c:\users\dell\desktop\c+opencv+mfc\x64\release\all_mfc_ui.exe
c:\users\dell\desktop\c+opencv+mfc\x64\release\all_mfc_ui.pdb
c:\users\dell\desktop\c+opencv+mfc\all_mfc_ui\x64\release\allmfcui.res
c:\users\dell\desktop\c+opencv+mfc\all_mfc_ui\x64\release\all_mfc_ui.tlog\all_mfc_ui.write.1u.tlog
c:\users\dell\desktop\c+opencv+mfc\all_mfc_ui\x64\release\all_mfc_ui.tlog\cl.command.1.tlog
c:\users\dell\desktop\c+opencv+mfc\all_mfc_ui\x64\release\all_mfc_ui.tlog\cl.read.1.tlog
c:\users\dell\desktop\c+opencv+mfc\all_mfc_ui\x64\release\all_mfc_ui.tlog\cl.write.1.tlog
c:\users\dell\desktop\c+opencv+mfc\all_mfc_ui\x64\release\all_mfc_ui.tlog\link.command.1.tlog
c:\users\dell\desktop\c+opencv+mfc\all_mfc_ui\x64\release\all_mfc_ui.tlog\link.read.1.tlog
c:\users\dell\desktop\c+opencv+mfc\all_mfc_ui\x64\release\all_mfc_ui.tlog\link.write.1.tlog
c:\users\dell\desktop\c+opencv+mfc\all_mfc_ui\x64\release\all_mfc_ui.tlog\rc.command.1.tlog
c:\users\dell\desktop\c+opencv+mfc\all_mfc_ui\x64\release\all_mfc_ui.tlog\rc.read.1.tlog
c:\users\dell\desktop\c+opencv+mfc\all_mfc_ui\x64\release\all_mfc_ui.tlog\rc.write.1.tlog
