c:\users\dell\desktop\c+opencv+mfc\x64\debug\all_mfc_ui.lib
c:\users\dell\desktop\c+opencv+mfc\x64\debug\all_mfc_ui.exp
c:\users\dell\desktop\c+opencv+mfc\all_mfc_ui\x64\debug\all_mfc_ui.pch
c:\users\dell\desktop\c+opencv+mfc\all_mfc_ui\x64\debug\vc141.pdb
c:\users\dell\desktop\c+opencv+mfc\all_mfc_ui\x64\debug\vc141.idb
c:\users\dell\desktop\c+opencv+mfc\all_mfc_ui\x64\debug\stdafx.obj
c:\users\dell\desktop\c+opencv+mfc\all_mfc_ui\x64\debug\serialportwinbase.obj
c:\users\dell\desktop\c+opencv+mfc\all_mfc_ui\x64\debug\serialportinfowinbase.obj
c:\users\dell\desktop\c+opencv+mfc\all_mfc_ui\x64\debug\serialportinfobase.obj
c:\users\dell\desktop\c+opencv+mfc\all_mfc_ui\x64\debug\serialportinfo.obj
c:\users\dell\desktop\c+opencv+mfc\all_mfc_ui\x64\debug\serialportbase.obj
c:\users\dell\desktop\c+opencv+mfc\all_mfc_ui\x64\debug\serialport.obj
c:\users\dell\desktop\c+opencv+mfc\all_mfc_ui\x64\debug\cvvimage.obj
c:\users\dell\desktop\c+opencv+mfc\all_mfc_ui\x64\debug\auto.obj
c:\users\dell\desktop\c+opencv+mfc\all_mfc_ui\x64\debug\all_mfc_uidlg.obj
c:\users\dell\desktop\c+opencv+mfc\all_mfc_ui\x64\debug\all_mfc_ui.obj
c:\users\dell\desktop\c+opencv+mfc\x64\debug\all_mfc_ui.ilk
c:\users\dell\desktop\c+opencv+mfc\x64\debug\all_mfc_ui.exe
c:\users\dell\desktop\c+opencv+mfc\x64\debug\all_mfc_ui.pdb
c:\users\dell\desktop\c+opencv+mfc\all_mfc_ui\x64\debug\allmfcui.res
c:\users\dell\desktop\c+opencv+mfc\all_mfc_ui\x64\debug\all_mfc_ui.tlog\all_mfc_ui.write.1u.tlog
c:\users\dell\desktop\c+opencv+mfc\all_mfc_ui\x64\debug\all_mfc_ui.tlog\cl.command.1.tlog
c:\users\dell\desktop\c+opencv+mfc\all_mfc_ui\x64\debug\all_mfc_ui.tlog\cl.read.1.tlog
c:\users\dell\desktop\c+opencv+mfc\all_mfc_ui\x64\debug\all_mfc_ui.tlog\cl.write.1.tlog
c:\users\dell\desktop\c+opencv+mfc\all_mfc_ui\x64\debug\all_mfc_ui.tlog\link.command.1.tlog
c:\users\dell\desktop\c+opencv+mfc\all_mfc_ui\x64\debug\all_mfc_ui.tlog\link.read.1.tlog
c:\users\dell\desktop\c+opencv+mfc\all_mfc_ui\x64\debug\all_mfc_ui.tlog\link.write.1.tlog
c:\users\dell\desktop\c+opencv+mfc\all_mfc_ui\x64\debug\all_mfc_ui.tlog\rc.command.1.tlog
c:\users\dell\desktop\c+opencv+mfc\all_mfc_ui\x64\debug\all_mfc_ui.tlog\rc.read.1.tlog
c:\users\dell\desktop\c+opencv+mfc\all_mfc_ui\x64\debug\all_mfc_ui.tlog\rc.write.1.tlog
